<?xml version="1.0" encoding="UTF-8"?>
<Site BuildName="Win32-MSBuild"
	BuildStamp="20251209-0936-Experimental"
	Name="DESKTOP-ADMGPOH"
	Generator="ctest-3.28.0"
	CompilerName="C:/Program Files/Microsoft Visual Studio/2022/Community/VC/Tools/MSVC/14.38.33130/bin/Hostx64/x64/cl.exe"
	CompilerVersion="19.38.33134.0"
	OSName="Windows"
	Hostname="DESKTOP-ADMGPOH"
	OSRelease=" Professional"
	OSVersion=" (Build 19045)"
	OSPlatform="AMD64"
	Is64Bits="1"
	VendorString="GenuineIntel"
	VendorID="Intel Corporation"
	FamilyID="6"
	ModelID="10"
	ProcessorCacheSize="-1"
	NumberOfLogicalCPU="12"
	NumberOfPhysicalCPU="8"
	TotalVirtualMemory="24127"
	TotalPhysicalMemory="16087"
	LogicalProcessorsPerPhysical="1"
	ProcessorClockFrequency="2496"
	>
	<Testing>
		<StartDateTime>Dec 09 12:38 [NON-UTF-8-BYTE-0xC1][NON-UTF-8-BYTE-0xE5][NON-UTF-8-BYTE-0xEB][NON-UTF-8-BYTE-0xE0][NON-UTF-8-BYTE-0xF0][NON-UTF-8-BYTE-0xF3][NON-UTF-8-BYTE-0xF1][NON-UTF-8-BYTE-0xFC] ([NON-UTF-8-BYTE-0xE7][NON-UTF-8-BYTE-0xE8][NON-UTF-8-BYTE-0xEC][NON-UTF-8-BYTE-0xE0])</StartDateTime>
		<StartTestTime>1765273123</StartTestTime>
		<TestList>
			<Test>./tests/CalcTest.DivideByZero</Test>
		</TestList>
		<Test Status="passed">
			<Name>CalcTest.DivideByZero</Name>
			<Path>./tests</Path>
			<FullName>./tests/CalcTest.DivideByZero</FullName>
			<FullCommandLine>"C:\IF\fpmi\fixed tests\build\tests\Debug\calc_tests.exe" "--gtest_filter=CalcTest.DivideByZero" "--gtest_also_run_disabled_tests"</FullCommandLine>
			<Results>
				<NamedMeasurement type="numeric/double" name="Execution Time">
					<Value>0.033525</Value>
				</NamedMeasurement>
				<NamedMeasurement type="numeric/double" name="Processors">
					<Value>1</Value>
				</NamedMeasurement>
				<NamedMeasurement type="text/string" name="Completion Status">
					<Value>Completed</Value>
				</NamedMeasurement>
				<NamedMeasurement type="text/string" name="Command Line">
					<Value>"C:\IF\fpmi\fixed tests\build\tests\Debug\calc_tests.exe" "--gtest_filter=CalcTest.DivideByZero" "--gtest_also_run_disabled_tests"</Value>
				</NamedMeasurement>
				<NamedMeasurement type="text/string" name="Environment">
					<Value>#CTEST_RESOURCE_GROUP_COUNT=</Value>
				</NamedMeasurement>
				<Measurement>
					<Value encoding="base64" compression="gzip">eJyNUMtOwzAQvPsr9tgcYsG1Ug/QQoWQCkrhQhxVbryJLPkR2U6BvyeOS9UiRWVOuzuj3ZktemOkaUFzaWYZNM5qWM7Z0yNrOi1ZI79QQEAfPNv3Ugm2E9h51lrbKozz3Lv6rGVjG6tdXEnrmmxswDmsRwm8DQw0UgV0sIAlV3Wc0JU8SIH33x/oLCkXJ1RQHA3eji6SwWPtexmQkjI/oYK1snuuEo/mIJ01Gs2gxZD33R/x+c5fK6SE4n0DI6opg4mGl+cpCcxuQPvs+rkkhGADVxn5X5aA3OXCfprLT019CBw39PLOEOD1brt9WMWMSUvJD+drqAM=</Value>
				</Measurement>
			</Results>
		</Test>
		<EndDateTime>Dec 09 12:38 [NON-UTF-8-BYTE-0xC1][NON-UTF-8-BYTE-0xE5][NON-UTF-8-BYTE-0xEB][NON-UTF-8-BYTE-0xE0][NON-UTF-8-BYTE-0xF0][NON-UTF-8-BYTE-0xF3][NON-UTF-8-BYTE-0xF1][NON-UTF-8-BYTE-0xFC] ([NON-UTF-8-BYTE-0xE7][NON-UTF-8-BYTE-0xE8][NON-UTF-8-BYTE-0xEC][NON-UTF-8-BYTE-0xE0])</EndDateTime>
		<EndTestTime>1765273123</EndTestTime>
		<ElapsedMinutes>0</ElapsedMinutes>
	</Testing>
</Site>
