<?xml version="1.0" encoding="UTF-8"?>
<Site BuildName="Win32-MSBuild"
	BuildStamp="20251213-1135-Experimental"
	Name="DESKTOP-ADMGPOH"
	Generator="ctest-3.28.0"
	CompilerName="C:/Program Files/Microsoft Visual Studio/2022/Community/VC/Tools/MSVC/14.38.33130/bin/Hostx64/x64/cl.exe"
	CompilerVersion="19.38.33134.0"
	OSName="Windows"
	Hostname="DESKTOP-ADMGPOH"
	OSRelease=" Professional"
	OSVersion=" (Build 19045)"
	OSPlatform="AMD64"
	Is64Bits="1"
	VendorString="GenuineIntel"
	VendorID="Intel Corporation"
	FamilyID="6"
	ModelID="10"
	ProcessorCacheSize="-1"
	NumberOfLogicalCPU="12"
	NumberOfPhysicalCPU="8"
	TotalVirtualMemory="24867"
	TotalPhysicalMemory="16087"
	LogicalProcessorsPerPhysical="1"
	ProcessorClockFrequency="2496"
	>
	<Testing>
		<StartDateTime>Dec 13 14:35 [NON-UTF-8-BYTE-0xC1][NON-UTF-8-BYTE-0xE5][NON-UTF-8-BYTE-0xEB][NON-UTF-8-BYTE-0xE0][NON-UTF-8-BYTE-0xF0][NON-UTF-8-BYTE-0xF3][NON-UTF-8-BYTE-0xF1][NON-UTF-8-BYTE-0xFC] ([NON-UTF-8-BYTE-0xE7][NON-UTF-8-BYTE-0xE8][NON-UTF-8-BYTE-0xEC][NON-UTF-8-BYTE-0xE0])</StartDateTime>
		<StartTestTime>1765625746</StartTestTime>
		<TestList/>
		<EndDateTime>Dec 13 14:35 [NON-UTF-8-BYTE-0xC1][NON-UTF-8-BYTE-0xE5][NON-UTF-8-BYTE-0xEB][NON-UTF-8-BYTE-0xE0][NON-UTF-8-BYTE-0xF0][NON-UTF-8-BYTE-0xF3][NON-UTF-8-BYTE-0xF1][NON-UTF-8-BYTE-0xFC] ([NON-UTF-8-BYTE-0xE7][NON-UTF-8-BYTE-0xE8][NON-UTF-8-BYTE-0xEC][NON-UTF-8-BYTE-0xE0])</EndDateTime>
		<EndTestTime>1765625746</EndTestTime>
		<ElapsedMinutes>0</ElapsedMinutes>
	</Testing>
</Site>
