Start testing: Dec 09 12:38 Беларусь (зима)
----------------------------------------------------------
2/2 Testing: CalcTest.DivideByZero
2/2 Test: CalcTest.DivideByZero
Command: "C:/IF/fpmi/fixed tests/build/tests/Debug/calc_tests.exe" "--gtest_filter=CalcTest.DivideByZero" "--gtest_also_run_disabled_tests"
Directory: C:/IF/fpmi/fixed tests/build/tests
"CalcTest.DivideByZero" start time: Dec 09 12:38 Беларусь (зима)
Output:
----------------------------------------------------------
Running main() from C:\IF\fpmi\fixed tests\build\_deps\googletest-src\googletest\src\gtest_main.cc
Note: Google Test filter = CalcTest.DivideByZero
[==========] Running 1 test from 1 test suite.
[----------] Global test environment set-up.
[----------] 1 test from CalcTest
[ RUN      ] CalcTest.DivideByZero
[       OK ] CalcTest.DivideByZero (0 ms)
[----------] 1 test from CalcTest (0 ms total)

[----------] Global test environment tear-down
[==========] 1 test from 1 test suite ran. (0 ms total)
[  PASSED  ] 1 test.
<end of output>
Test time =   0.03 sec
----------------------------------------------------------
Test Passed.
"CalcTest.DivideByZero" end time: Dec 09 12:38 Беларусь (зима)
"CalcTest.DivideByZero" time elapsed: 00:00:00
----------------------------------------------------------

End testing: Dec 09 12:38 Беларусь (зима)
